Energy-Management/build/app/outputs/mapping/release/seeds.txt
com.example.energy_management.MainActivity
com.example.energy_management.MainActivity: MainActivity()
...
io.flutter.plugin.editing.ImeSyncDeferringInsetsCallback$AnimationCallback
androidx.core.app.RemoteActionCompat
androidx.window.area.reflectionguard.ExtensionWindowAreaStatusRequirements
io.flutter.embedding.engine.renderer.FlutterRenderer$ImageReaderSurfaceProducer
io.flutter.embedding.engine.renderer.FlutterRenderer$ImageTextureRegistryEntry
android.support.v4.app.RemoteActionCompatParcelizer
androidx.core.graphics.drawable.IconCompat
androidx.window.area.reflectionguard.ExtensionWindowAreaPresentationRequirements
io.flutter.embedding.engine.plugins.lifecycle.HiddenLifecycleReference
io.flutter.view.FlutterCallbackInformation
androidx.versionedparcelable.ParcelImpl
io.flutter.embedding.engine.FlutterJNI
io.flutter.plugin.editing.ImeSyncDeferringInsetsCallback
kotlin.coroutines.jvm.internal.BaseContinuationImpl
io.flutter.view.AccessibilityViewEmbedder
io.flutter.view.TextureRegistry$ImageConsumer
androidx.lifecycle.ProcessLifecycleInitializer
androidx.core.graphics.drawable.IconCompatParcelizer
androidx.profileinstaller.ProfileInstallerInitializer
io.flutter.view.TextureRegistry$GLTextureConsumer
androidx.window.area.reflectionguard.WindowAreaComponentApi2Requirements
kotlinx.coroutines.scheduling.CoroutineScheduler$Worker: int workerCtl
kotlinx.coroutines.internal.LockFreeLinkedListNode: java.lang.Object _removedRef
io.flutter.embedding.engine.FlutterJNI: boolean initCalled
io.flutter.embedding.engine.FlutterJNI: java.util.Set engineLifecycleListeners
kotlinx.coroutines.DefaultExecutor: java.lang.Thread _thread
io.flutter.embedding.engine.renderer.FlutterRenderer$ImageReaderSurfaceProducer: io.flutter.view.TextureRegistry$SurfaceProducer$Callback callback
kotlinx.coroutines.scheduling.WorkQueue: int producerIndex
io.flutter.embedding.engine.renderer.FlutterRenderer$ImageReaderSurfaceProducer: int requestedWidth
androidx.lifecycle.Lifecycle$Event: androidx.lifecycle.Lifecycle$Event ON_START
kotlinx.coroutines.channels.BufferedChannel: long sendersAndCloseStatus
io.flutter.plugin.editing.ImeSyncDeferringInsetsCallback: android.view.View view
io.flutter.embedding.engine.renderer.FlutterRenderer$ImageReaderSurfaceProducer: boolean released
io.flutter.embedding.engine.FlutterOverlaySurface: int id
io.flutter.plugin.platform.SingleViewPresentation: java.lang.String TAG
io.flutter.plugins.GeneratedPluginRegistrant: java.lang.String TAG
io.flutter.embedding.engine.FlutterJNI: float displayWidth
io.flutter.embedding.engine.renderer.SurfaceTextureWrapper: boolean released
io.flutter.embedding.engine.renderer.FlutterRenderer$ImageReaderSurfaceProducer: io.flutter.embedding.engine.renderer.FlutterRenderer$ImageReaderSurfaceProducer$PerImageReader lastReaderDequeuedFrom
io.flutter.embedding.engine.renderer.FlutterRenderer$ImageReaderSurfaceProducer: long lastScheduleTime
io.flutter.plugin.editing.ImeSyncDeferringInsetsCallback: io.flutter.plugin.editing.ImeSyncDeferringInsetsCallback$AnimationCallback animationCallback
kotlinx.coroutines.internal.LockFreeTaskQueueCore: long _state
kotlinx.coroutines.JobSupport$Finishing: java.lang.Object _exceptionsHolder
kotlinx.coroutines.internal.ResizableAtomicArray: java.util.concurrent.atomic.AtomicReferenceArray array
kotlinx.coroutines.flow.StateFlowSlot: java.lang.Object _state
io.flutter.embedding.engine.renderer.SurfaceTextureWrapper: boolean attached
kotlinx.coroutines.internal.ThreadSafeHeap: int _size
io.flutter.embedding.engine.renderer.SurfaceTextureWrapper: java.lang.Runnable onFrameConsumed
io.flutter.embedding.engine.FlutterJNI: android.os.Looper mainLooper
kotlinx.coroutines.DefaultExecutor: int debugStatus
kotlinx.coroutines.EventLoopImplBase: int _isCompleted
kotlinx.coroutines.CancelledContinuation: int _resumed
io.flutter.plugin.editing.ImeSyncDeferringInsetsCallback: android.view.WindowInsets lastWindowInsets
io.flutter.embedding.engine.FlutterJNI: boolean loadLibraryCalled
kotlinx.coroutines.InvokeOnCancelling: int _invoked