Energy-Management/build/app/outputs/mapping/release/mapping.txt
# compiler: R8
# compiler_version: 8.1.56
# min_api: 21
# common_typos_disable
# {"id":"com.android.tools.r8.mapping","version":"2.2"}
# pg_map_id: bcd0db3
# pg_map_hash: SHA-256 bcd0db3bf47ee9fd2b1cfc1e84581105140c9a77da9310779c0e1dabe0a71a2e
com.example.energy_management.MainActivity -> com.example.energy_management.MainActivity:
    boolean io.flutter.embedding.android.FlutterActivity.hasRegisteredBackCallback -> a
    io.flutter.embedding.android.FlutterActivityAndFragmentDelegate io.flutter.embedding.android.FlutterActivity.delegate -> b
    androidx.lifecycle.LifecycleRegistry io.flutter.embedding.android.FlutterActivity.lifecycle -> c
    android.window.OnBackInvokedCallback io.flutter.embedding.android.FlutterActivity.onBackInvokedCallback -> d
    int io.flutter.embedding.android.FlutterActivity.FLUTTER_VIEW_ID -> e
    1:1:void io.flutter.embedding.android.FlutterActivity.<clinit>():0:0 -> <clinit>
    1:18:void io.flutter.embedding.android.FlutterActivity.<init>():0:0 -> <init>
    1:18:void <init>():0 -> <init>
    19:29:android.window.OnBackInvokedCallback io.flutter.embedding.android.FlutterActivity.createOnBackInvokedCallback():0:0 -> <init>
    19:29:void io.flutter.embedding.android.FlutterActivity.<init>():0 -> <init>
    19:29:void <init>():0 -> <init>
    30:39:void io.flutter.embedding.android.FlutterActivity.<init>():0:0 -> <init>
    30:39:void <init>():0 -> <init>
    3:10:void io.flutter.embedding.android.FlutterActivity.updateBackGestureProgress(android.window.BackEvent):0:0 -> A
    3:10:void updateBackGestureProgress(android.window.BackEvent):0 -> A
      # {"id":"com.android.tools.r8.synthesized"}
...
kotlinx.coroutines.flow.internal.AbstractSharedFlowSlot -> j1.b:
kotlinx.coroutines.flow.internal.ChannelFlow -> j1.e:
    kotlin.coroutines.CoroutineContext context -> a
    int capacity -> b
    kotlinx.coroutines.channels.BufferOverflow onBufferOverflow -> c
    1:1:void <init>(kotlin.coroutines.CoroutineContext,int,kotlinx.coroutines.channels.BufferOverflow):0:0 -> <init>
      # {"id":"com.android.tools.r8.residualsignature","signature":"(Lr0/i;ILh1/a;)V"}
    java.lang.Object collectTo(kotlinx.coroutines.channels.ProducerScope,kotlin.coroutines.Continuation) -> a
      # {"id":"com.android.tools.r8.residualsignature","signature":"(Lh1/r;Lr0/e;)Ljava/lang/Object;"}
    1:6:java.lang.Object kotlinx.coroutines.flow.internal.ChannelFlow.collect$suspendImpl(kotlinx.coroutines.flow.internal.ChannelFlow,kotlinx.coroutines.flow.FlowCollector,kotlin.coroutines.Continuation):0:0 -> b
    1:6:java.lang.Object collect(kotlinx.coroutines.flow.FlowCollector,kotlin.coroutines.Continuation):0 -> b
      # {"id":"com.android.tools.r8.residualsignature","signature":"(Li1/d;Lr0/e;)Ljava/lang/Object;"}
    7:16:java.lang.Object kotlinx.coroutines.CoroutineScopeKt.coroutineScope(kotlin.jvm.functions.Function2,kotlin.coroutines.Continuation):0:0 -> b
    7:16:java.lang.Object kotlinx.coroutines.flow.internal.ChannelFlow.collect$suspendImpl(kotlinx.coroutines.flow.internal.ChannelFlow,kotlinx.coroutines.flow.FlowCollector,kotlin.coroutines.Continuation):0 -> b
kotlinx.coroutines.flow.internal.ChannelFlow$collect$2 -> j1.c:
    int label -> g
    java.lang.Object L$0 -> h
    kotlinx.coroutines.flow.FlowCollector $collector -> i
    kotlinx.coroutines.flow.internal.ChannelFlow this$0 -> j
    1:1:void <init>(kotlinx.coroutines.flow.FlowCollector,kotlinx.coroutines.flow.internal.ChannelFlow,kotlin.coroutines.Continuation):0:0 -> <init>
      # {"id":"com.android.tools.r8.residualsignature","signature":"(Lr0/e;Li1/d;Lj1/e;)V"}
    1:1:kotlin.coroutines.Continuation create(java.lang.Object,kotlin.coroutines.Continuation):0:0 -> b
      # {"id":"com.android.tools.r8.residualsignature","signature":"(Ljava/lang/Object;Lr0/e;)Lr0/e;"}
    5:17:java.lang.Object kotlinx.coroutines.flow.internal.ChannelFlow$collect$2.invoke(kotlinx.coroutines.CoroutineScope,kotlin.coroutines.Continuation):0:0 -> d
    5:17:java.lang.Object invoke(java.lang.Object,java.lang.Object):0 -> d
    32:40:int kotlinx.coroutines.flow.internal.ChannelFlow.getProduceCapacity$kotlinx_coroutines_core():0:0 -> h
    32:40:kotlinx.coroutines.channels.ReceiveChannel kotlinx.coroutines.flow.internal.ChannelFlow.produceImpl(kotlinx.coroutines.CoroutineScope):0 -> h
    32:40:java.lang.Object invokeSuspend(java.lang.Object):0 -> h
      # {"id":"com.android.tools.r8.rewriteFrame","conditions":["throws(Ljava/lang/NullPointerException;)"],"actions":["removeInnerFrames(2)"]}
kotlinx.coroutines.flow.internal.ChannelFlow$collectToFun$1 -> j1.d:
    int label -> g
    java.lang.Object L$0 -> h
    kotlinx.coroutines.flow.internal.ChannelFlow this$0 -> i
    1:1:void <init>(kotlinx.coroutines.flow.internal.ChannelFlow,kotlin.coroutines.Continuation):0:0 -> <init>
      # {"id":"com.android.tools.r8.residualsignature","signature":"(Lj1/e;Lr0/e;)V"}
    1:1:kotlin.coroutines.Continuation create(java.lang.Object,kotlin.coroutines.Continuation):0:0 -> b
      # {"id":"com.android.tools.r8.residualsignature","signature":"(Ljava/lang/Object;Lr0/e;)Lr0/e;"}
    5:17:java.lang.Object kotlinx.coroutines.flow.internal.ChannelFlow$collectToFun$1.invoke(kotlinx.coroutines.channels.ProducerScope,kotlin.coroutines.Continuation):0:0 -> d
    5:17:java.lang.Object invoke(java.lang.Object,java.lang.Object):0 -> d
    1:1:java.lang.Object invokeSuspend(java.lang.Object):0:0 -> h