Energy-Management/build/app/outputs/mapping/release/usage.txt
com.example.energy_management.R$drawable
com.example.energy_management.R$mipmap
com.example.energy_management.R$style
com.example.energy_management.R
com.example.energy_management.MainActivity:
    private static void $r8$constructor$io$flutter$embedding$android$FlutterActivity()
    public final synthetic bridge boolean attachToEngineAutomatically()
    public static boolean attachToEngineAutomatically$io$flutter$embedding$android$FlutterActivity()
    public static void cancelBackGesture()
    public static void cancelBackGesture$io$flutter$embedding$android$FlutterActivity()
    public final synthetic bridge void cleanUpFlutterEngine()
    public static void cleanUpFlutterEngine$io$flutter$embedding$android$FlutterActivity()
    public static void commitBackGesture()
    public static void commitBackGesture$io$flutter$embedding$android$FlutterActivity()
    public final void configureFlutterEngine()
    public static void configureFlutterEngine$io$flutter$embedding$android$FlutterActivity()
    public static void configureStatusBarForFullscreenFlutterExperience()
    public static void configureStatusBarForFullscreenFlutterExperience$io$flutter$embedding$android$FlutterActivity()
    public static void configureWindowForTransparency()
    public static void configureWindowForTransparency$io$flutter$embedding$android$FlutterActivity()
    public static android.view.View createFlutterView()
    public static android.view.View createFlutterView$io$flutter$embedding$android$FlutterActivity()
    public static android.window.OnBackInvokedCallback createOnBackInvokedCallback()
...
androidx.versionedparcelable.R
androidx.versionedparcelable.VersionedParcel$1
androidx.versionedparcelable.VersionedParcel$ParcelException
androidx.versionedparcelable.VersionedParcel:
    private static final int EX_BAD_PARCELABLE
    private static final int EX_ILLEGAL_ARGUMENT
    private static final int EX_ILLEGAL_STATE
    private static final int EX_NETWORK_MAIN_THREAD
    private static final int EX_NULL_POINTER
    private static final int EX_PARCELABLE
    private static final int EX_SECURITY
    private static final int EX_UNSUPPORTED_OPERATION
    private static final java.lang.String TAG
    private static final int TYPE_BINDER
    private static final int TYPE_FLOAT
    private static final int TYPE_INTEGER
    private static final int TYPE_PARCELABLE
    private static final int TYPE_SERIALIZABLE
    private static final int TYPE_STRING
    private static final int TYPE_VERSIONED_PARCELABLE
    private java.lang.Exception createException(int,java.lang.String)
    protected static java.lang.Throwable getRootCause(java.lang.Throwable)
    private int getType(java.lang.Object)
    protected java.lang.Object[] readArray(java.lang.Object[])
    public java.lang.Object[] readArray(java.lang.Object[],int)
    protected boolean[] readBooleanArray()
    public boolean[] readBooleanArray(boolean[],int)
    protected abstract android.os.Bundle readBundle()
    public android.os.Bundle readBundle(android.os.Bundle,int)
    public byte readByte(byte,int)
    public char[] readCharArray(char[],int)
    private java.util.Collection readCollection(java.util.Collection)
    protected abstract double readDouble()
androidx.versionedparcelable.VersionedParcelParcel:
    private static final boolean DEBUG
    private static final java.lang.String TAG
    public android.os.Bundle readBundle()
    public double readDouble()
    public float readFloat()
    public long readLong()
    public android.os.IBinder readStrongBinder()
    public void writeBundle(android.os.Bundle)
    public void writeByteArray(byte[],int,int)
    public void writeDouble(double)
    public void writeFloat(float)
    public void writeLong(long)
    public void writeStrongBinder(android.os.IBinder)
    public void writeStrongInterface(android.os.IInterface)
androidx.versionedparcelable.VersionedParcelStream$1
androidx.versionedparcelable.VersionedParcelStream$FieldBuffer
androidx.versionedparcelable.VersionedParcelStream
androidx.versionedparcelable.VersionedParcelize
androidx.viewpager.R$attr
androidx.viewpager.R$color
androidx.viewpager.R$dimen
androidx.viewpager.R$drawable
androidx.viewpager.R$id
androidx.viewpager.R$integer
androidx.viewpager.R$layout
androidx.viewpager.R$string
androidx.viewpager.R$style
androidx.viewpager.R$styleable
androidx.viewpager.R
androidx.viewpager.widget.PagerAdapter
androidx.viewpager.widget.PagerTabStrip$1
androidx.viewpager.widget.PagerTabStrip$2
androidx.viewpager.widget.PagerTabStrip
androidx.viewpager.widget.PagerTitleStrip$PageListener
androidx.viewpager.widget.PagerTitleStrip$SingleLineAllCapsTransform
androidx.viewpager.widget.PagerTitleStrip
androidx.viewpager.widget.ViewPager$1
androidx.viewpager.widget.ViewPager$2
androidx.viewpager.widget.ViewPager$3
androidx.viewpager.widget.ViewPager$4
androidx.viewpager.widget.ViewPager$DecorView
androidx.viewpager.widget.ViewPager$ItemInfo
androidx.viewpager.widget.ViewPager$LayoutParams
androidx.viewpager.widget.ViewPager$MyAccessibilityDelegate
androidx.viewpager.widget.ViewPager$OnAdapterChangeListener
androidx.viewpager.widget.ViewPager$OnPageChangeListener
androidx.viewpager.widget.ViewPager$PageTransformer
androidx.viewpager.widget.ViewPager$PagerObserver
androidx.viewpager.widget.ViewPager$SavedState$1
androidx.viewpager.widget.ViewPager$SavedState
androidx.viewpager.widget.ViewPager$SimpleOnPageChangeListener
androidx.viewpager.widget.ViewPager$ViewPositionComparator
androidx.viewpager.widget.ViewPager
androidx.window.EmptyDecoratorWindowSdk
androidx.window.R$attr